10.01.2022 - 05:31:25 - [TAB v3.0.1] Failed to enable. Did you just invent a new way to break the plugin by misconfiguring it?
10.01.2022 - 05:31:25 - java.nio.file.NoSuchFileException: plugins/TAB/premiumconfig.yml
10.01.2022 - 05:31:25 -        at java.base/sun.nio.fs.UnixException.translateToIOException(UnixException.java:92)
10.01.2022 - 05:31:25 -        at java.base/sun.nio.fs.UnixException.rethrowAsIOException(UnixException.java:106)
10.01.2022 - 05:31:25 -        at java.base/sun.nio.fs.UnixException.rethrowAsIOException(UnixException.java:111)
10.01.2022 - 05:31:25 -        at java.base/sun.nio.fs.UnixFileSystemProvider.implDelete(UnixFileSystemProvider.java:249)
10.01.2022 - 05:31:25 -        at java.base/sun.nio.fs.AbstractFileSystemProvider.delete(AbstractFileSystemProvider.java:105)
10.01.2022 - 05:31:25 -        at java.base/java.nio.file.Files.delete(Files.java:1146)
10.01.2022 - 05:31:25 -        at TAB_v3.0.1.jar//me.neznamy.tab.shared.config.Configs.createConfigYml(Configs.java:484)
10.01.2022 - 05:31:25 -        at TAB_v3.0.1.jar//me.neznamy.tab.shared.config.Configs.convertToV3(Configs.java:252)
10.01.2022 - 05:31:25 -        at TAB_v3.0.1.jar//me.neznamy.tab.shared.config.Configs.loadConfig(Configs.java:106)
10.01.2022 - 05:31:25 -        at TAB_v3.0.1.jar//me.neznamy.tab.shared.config.Configs.loadFiles(Configs.java:83)
10.01.2022 - 05:31:25 -        at TAB_v3.0.1.jar//me.neznamy.tab.shared.TAB.load(TAB.java:145)
10.01.2022 - 05:31:25 -        at TAB_v3.0.1.jar//me.neznamy.tab.platforms.bukkit.Main.onEnable(Main.java:52)
10.01.2022 - 05:31:25 -        at org.bukkit.plugin.java.JavaPlugin.setEnabled(JavaPlugin.java:264)
10.01.2022 - 05:31:25 -        at org.bukkit.plugin.java.JavaPluginLoader.enablePlugin(JavaPluginLoader.java:370)
10.01.2022 - 05:31:25 -        at org.bukkit.plugin.SimplePluginManager.enablePlugin(SimplePluginManager.java:500)
10.01.2022 - 05:31:25 -        at org.bukkit.craftbukkit.v1_17_R1.CraftServer.enablePlugin(CraftServer.java:535)
10.01.2022 - 05:31:25 -        at org.bukkit.craftbukkit.v1_17_R1.CraftServer.enablePlugins(CraftServer.java:449)
10.01.2022 - 05:31:25 -        at net.minecraft.server.MinecraftServer.loadWorld(MinecraftServer.java:725)
10.01.2022 - 05:31:25 -        at net.minecraft.server.dedicated.DedicatedServer.init(DedicatedServer.java:306)
10.01.2022 - 05:31:25 -        at net.minecraft.server.MinecraftServer.x(MinecraftServer.java:1212)
10.01.2022 - 05:31:25 -        at net.minecraft.server.MinecraftServer.lambda$spin$0(MinecraftServer.java:319)
10.01.2022 - 05:31:25 -        at java.base/java.lang.Thread.run(Thread.java:831)
